<people><person><name>Человек 1</name><projects><project title="Проект 1"><role>Менеджер</role><manager></manager></project></projects></person><person><name>Человек 2</name><projects><project title="Проект 1"><role>Менеджер</role><manager></manager></project></projects></person><person><name>Человек 3</name><projects><project title="Проект 1"><role>Специалист</role><manager>Человек 1</manager></project><project title="Проект 2"><role>Менеджер</role><manager></manager></project></projects></person><person><name>Человек 4</name><projects><project title="Проект 1"><role>Специалист</role><manager>Человек 1</manager></project><project title="Проект 2"><role>Менеджер</role><manager></manager></project></projects></person><person><name>Человек 5</name><projects><project title="Проект 1"><role>Специалист</role><manager>Человек 2</manager></project><project title="Проект 2"><role>Специалист</role><manager>Человек 3</manager></project></projects></person><person><name>Человек 6</name><projects><project title="Проект 1"><role>Специалист</role><manager>Человек 2</manager></project><project title="Проект 2"><role>Специалист</role><manager>Человек 3</manager></project></projects></person><person><name>Человек 7</name><projects><project title="Проект 2"><role>Специалист</role><manager>Человек 4</manager></project></projects></person></people>